<?xml version="1.0" encoding="UTF-8"?>
<!-- Generated by org.testng.reporters.JUnitReportReporter -->
<testsuite hostname="ThinkP51" failures="0" tests="2" name="tests.JaggedDemo" time="0.009" errors="0" timestamp="2023-03-15T13:24:59 PDT" skipped="0">
  <testcase classname="tests.JaggedDemo" name="sampleTest" time="0.002"/>
  <system-out/>
  <testcase classname="tests.JaggedDemo" name="sampleTest" time="0.007"/>
  <system-out/>
</testsuite> <!-- tests.JaggedDemo -->
