<?xml version="1.0" encoding="UTF-8"?>
<!-- Generated by org.testng.reporters.JUnitReportReporter -->
<testsuite hostname="ThinkP51" failures="0" tests="3" name="testscripts.ClassB" time="0.005" errors="0" timestamp="2023-03-14T10:59:16 PDT" skipped="0">
  <testcase classname="testscripts.ClassB" name="methodBOne" time="0.001"/>
  <system-out/>
  <testcase classname="testscripts.ClassB" name="methodBTwo" time="0.002"/>
  <system-out/>
  <testcase classname="testscripts.ClassB" name="methodBFour" time="0.002"/>
  <system-out/>
</testsuite> <!-- testscripts.ClassB -->
