<?xml version="1.0" encoding="UTF-8"?>
<!-- Generated by org.testng.reporters.JUnitReportReporter -->
<testsuite hostname="ThinkP51" failures="0" tests="3" name="parallelThreads.Search" time="0.006" errors="0" timestamp="2023-03-16T10:33:56 PDT" skipped="0">
  <testcase classname="parallelThreads.Search" name="searchAValidProduct" time="0.003"/>
  <system-out/>
  <testcase classname="parallelThreads.Search" name="searchAnInValidProduct" time="0.002"/>
  <system-out/>
  <testcase classname="parallelThreads.Search" name="searchNoProduct" time="0.001"/>
  <system-out/>
</testsuite> <!-- parallelThreads.Search -->
