<?xml version="1.0" encoding="UTF-8"?>
<!-- Generated by org.testng.reporters.JUnitReportReporter -->
<testsuite hostname="ThinkP51" failures="0" tests="1" name="testscripts.TestNGAnnotations" time="8.137" errors="0" timestamp="2023-03-14T12:34:46 PDT" skipped="0">
  <testcase classname="testscripts.TestNGAnnotations" name="login" time="8.137"/>
  <system-out/>
</testsuite> <!-- testscripts.TestNGAnnotations -->
