<?xml version="1.0" encoding="UTF-8"?>
<!-- Generated by org.testng.reporters.JUnitReportReporter -->
<testsuite hostname="ThinkP51" failures="0" tests="2" name="testscripts.ClassA" time="0.012" errors="0" timestamp="2023-03-14T12:34:46 PDT" skipped="0">
  <testcase classname="testscripts.ClassA" name="methodAOne" time="0.011"/>
  <system-out/>
  <testcase classname="testscripts.ClassA" name="methodATwo" time="0.001"/>
  <system-out/>
</testsuite> <!-- testscripts.ClassA -->
