<?xml version="1.0" encoding="UTF-8"?>
<!-- Generated by org.testng.reporters.JUnitReportReporter -->
<testsuite hostname="ThinkP51" failures="0" tests="3" name="testscripts.ClassA" time="0.020" errors="0" timestamp="2023-03-13T12:03:33 PDT" skipped="0">
  <testcase classname="testscripts.ClassA" name="methodAOne" time="0.018"/>
  <system-out/>
  <testcase classname="testscripts.ClassA" name="methodATwo" time="0.001"/>
  <system-out/>
  <testcase classname="testscripts.ClassA" name="methodAThree" time="0.001"/>
  <system-out/>
</testsuite> <!-- testscripts.ClassA -->
