<?xml version="1.0" encoding="UTF-8"?>
<!-- Generated by org.testng.reporters.JUnitReportReporter -->
<testsuite hostname="ThinkP51" failures="0" tests="4" name="parallelThreads.Register" time="0.023" errors="0" timestamp="2023-03-16T10:33:56 PDT" skipped="0">
  <testcase classname="parallelThreads.Register" name="registerWithOnlyMandatoryFields" time="0.017"/>
  <system-out/>
  <testcase classname="parallelThreads.Register" name="registerWithAllFields" time="0.003"/>
  <system-out/>
  <testcase classname="parallelThreads.Register" name="registerWithoutProvidingAnyFields" time="0.001"/>
  <system-out/>
  <testcase classname="parallelThreads.Register" name="registerADuplicateAccount" time="0.002"/>
  <system-out/>
</testsuite> <!-- parallelThreads.Register -->
