<?xml version="1.0" encoding="UTF-8"?>
<!-- Generated by org.testng.reporters.JUnitReportReporter -->
<testsuite hostname="ThinkP51" failures="0" tests="2" name="testscripts.ClassC" time="0.002" errors="0" timestamp="2023-03-14T13:08:09 PDT" skipped="0">
  <testcase classname="testscripts.ClassC" name="methodCOne" time="0.001"/>
  <system-out/>
  <testcase classname="testscripts.ClassC" name="methodCTwo" time="0.001"/>
  <system-out/>
</testsuite> <!-- testscripts.ClassC -->
