<?xml version="1.0" encoding="UTF-8"?>
<!-- Generated by org.testng.reporters.JUnitReportReporter -->
<testsuite hostname="ThinkP51" failures="0" tests="2" name="testscripts.TestAPI" time="5.333" errors="0" timestamp="2023-03-14T17:11:39 PDT" skipped="0">
  <testcase classname="testscripts.TestAPI" name="getUsersInPageTwo" time="5.198"/>
  <system-out/>
  <testcase classname="testscripts.TestAPI" name="getSingleUser" time="0.135"/>
  <system-out/>
</testsuite> <!-- testscripts.TestAPI -->
