<?xml version="1.0" encoding="UTF-8"?>
<!-- Generated by org.testng.reporters.JUnitReportReporter -->
<testsuite hostname="ThinkP51" failures="0" tests="2" name="testscripts.TestAPI" time="2.166" errors="0" timestamp="2023-03-13T11:11:23 PDT" skipped="0">
  <testcase classname="testscripts.TestAPI" name="getUsersInPageTwo" time="2.016"/>
  <system-out/>
  <testcase classname="testscripts.TestAPI" name="getSingleUser" time="0.150"/>
  <system-out/>
</testsuite> <!-- testscripts.TestAPI -->
