<?xml version="1.0" encoding="UTF-8"?>
<!-- Generated by org.testng.reporters.JUnitReportReporter -->
<testsuite hostname="ThinkP51" failures="0" tests="2" name="testscripts.TestAPI" time="2.083" errors="0" timestamp="2023-03-14T12:34:46 PDT" skipped="0">
  <testcase classname="testscripts.TestAPI" name="getUsersInPageTwo" time="1.959"/>
  <system-out/>
  <testcase classname="testscripts.TestAPI" name="getSingleUser" time="0.124"/>
  <system-out/>
</testsuite> <!-- testscripts.TestAPI -->
