<?xml version="1.0" encoding="UTF-8"?>
<!-- Generated by org.testng.reporters.JUnitReportReporter -->
<testsuite hostname="ThinkP51" failures="0" tests="1" name="config.Search" time="8.006" errors="0" timestamp="2023-03-18T09:48:23 PDT" skipped="0">
  <testcase classname="config.Search" name="login" time="8.006"/>
  <system-out/>
</testsuite> <!-- config.Search -->
