<?xml version="1.0" encoding="UTF-8"?>
<!-- Generated by org.testng.reporters.JUnitReportReporter -->
<testsuite hostname="ThinkP51" failures="0" tests="3" name="tests.DDTDemo" time="18.873" errors="0" timestamp="2023-03-16T09:36:05 PDT" skipped="0">
  <testcase classname="tests.DDTDemo" name="verifyLogin" time="5.794"/>
  <system-out/>
  <testcase classname="tests.DDTDemo" name="verifyLogin" time="7.410"/>
  <system-out/>
  <testcase classname="tests.DDTDemo" name="verifyLogin" time="5.669"/>
  <system-out/>
</testsuite> <!-- tests.DDTDemo -->
