<?xml version="1.0" encoding="UTF-8"?>
<!-- Generated by org.testng.reporters.JUnitReportReporter -->
<testsuite hostname="ThinkP51" failures="0" tests="3" name="tests.JaggedDemo" time="0.010" errors="0" timestamp="2023-03-15T13:17:08 PDT" skipped="0">
  <testcase classname="tests.JaggedDemo" name="sampleTest" time="0.002"/>
  <system-out/>
  <testcase classname="tests.JaggedDemo" name="sampleTest" time="0.006"/>
  <system-out/>
  <testcase classname="tests.JaggedDemo" name="sampleTest" time="0.002"/>
  <system-out/>
</testsuite> <!-- tests.JaggedDemo -->
