<?xml version="1.0" encoding="UTF-8"?>
<!-- Generated by org.testng.reporters.JUnitReportReporter -->
<testsuite hostname="ThinkP51" failures="0" tests="4" name="testscripts.ClassA" time="0.023" errors="0" timestamp="2023-03-14T17:11:39 PDT" skipped="0">
  <testcase classname="testscripts.ClassA" name="methodAOne" time="0.007"/>
  <system-out/>
  <testcase classname="testscripts.ClassA" name="methodATwo" time="0.007"/>
  <system-out/>
  <testcase classname="testscripts.ClassA" name="methodAThree" time="0.004"/>
  <system-out/>
  <testcase classname="testscripts.ClassA" name="methodAFour" time="0.005"/>
  <system-out/>
</testsuite> <!-- testscripts.ClassA -->
