<?xml version="1.0" encoding="UTF-8"?>
<!-- Generated by org.testng.reporters.JUnitReportReporter -->
<testsuite hostname="ThinkP51" failures="0" tests="1" name="testscripts.AssertionTest" time="7.011" errors="0" timestamp="2023-03-13T12:40:41 PDT" skipped="0">
  <testcase classname="testscripts.AssertionTest" name="sampleMethod2" time="7.011"/>
  <system-out/>
</testsuite> <!-- testscripts.AssertionTest -->
