<?xml version="1.0" encoding="UTF-8"?>
<!-- Generated by org.testng.reporters.JUnitReportReporter -->
<testsuite hostname="ThinkP51" failures="0" tests="3" name="tests.WrapperDemo" time="0.011" errors="0" timestamp="2023-03-15T12:23:31 PDT" skipped="0">
  <testcase classname="tests.WrapperDemo" name="sampleTest" time="0.007"/>
  <system-out/>
  <testcase classname="tests.WrapperDemo" name="sampleTest" time="0.002"/>
  <system-out/>
  <testcase classname="tests.WrapperDemo" name="sampleTest" time="0.002"/>
  <system-out/>
</testsuite> <!-- tests.WrapperDemo -->
