<?xml version="1.0" encoding="UTF-8"?>
<!-- Generated by org.testng.reporters.JUnitReportReporter -->
<testsuite hostname="ThinkP51" failures="0" tests="1" name="testscripts.TestNGAnnotations" time="9.376" errors="0" timestamp="2023-03-14T09:51:17 PDT" skipped="0">
  <testcase classname="testscripts.TestNGAnnotations" name="login" time="9.376"/>
  <system-out/>
</testsuite> <!-- testscripts.TestNGAnnotations -->
