<?xml version="1.0" encoding="UTF-8"?>
<!-- Generated by org.testng.reporters.JUnitReportReporter -->
<testsuite hostname="ThinkP51" failures="0" tests="3" name="tests.DDTDemo" time="20.699" errors="0" timestamp="2023-03-15T11:55:50 PDT" skipped="0">
  <testcase classname="tests.DDTDemo" name="verifyLogin" time="8.990"/>
  <system-out/>
  <testcase classname="tests.DDTDemo" name="verifyLogin" time="5.796"/>
  <system-out/>
  <testcase classname="tests.DDTDemo" name="verifyLogin" time="5.913"/>
  <system-out/>
</testsuite> <!-- tests.DDTDemo -->
