<?xml version="1.0" encoding="UTF-8"?>
<!-- Generated by org.testng.reporters.JUnitReportReporter -->
<testsuite hostname="ThinkP51" failures="0" tests="5" name="parallelThreads.Login" time="0.021" errors="0" timestamp="2023-03-16T11:46:14 PDT" skipped="0">
  <testcase classname="parallelThreads.Login" name="loginWithValidCredentials" time="0.013"/>
  <system-out/>
  <testcase classname="parallelThreads.Login" name="loginWithValidEmailAndInvalidPassword" time="0.001"/>
  <system-out/>
  <testcase classname="parallelThreads.Login" name="loginWithValidEmailAndValidPassword" time="0.003"/>
  <system-out/>
  <testcase classname="parallelThreads.Login" name="loginWithInvalidCredentials" time="0.002"/>
  <system-out/>
  <testcase classname="parallelThreads.Login" name="loginWithoutCredentials" time="0.002"/>
  <system-out/>
</testsuite> <!-- parallelThreads.Login -->
